<?xml version="1.0" encoding="UTF-8"?>
<testng-results ignored="0" total="1" passed="1" failed="0" skipped="0">
  <reporter-output>
  </reporter-output>
  <suite started-at="2021-03-29T09:39:43 EDT" name="Default suite" finished-at="2021-03-29T09:40:00 EDT" duration-ms="16876">
    <groups>
    </groups>
    <test started-at="2021-03-29T09:39:43 EDT" name="Default test" finished-at="2021-03-29T09:40:00 EDT" duration-ms="16876">
      <class name="tests.LoginTest">
        <test-method is-config="true" signature="initialize()[pri:0, instance:tests.LoginTest@40cb8df7]" started-at="2021-03-29T09:39:43 EDT" name="initialize" finished-at="2021-03-29T09:39:48 EDT" duration-ms="5056" status="PASS">
          <reporter-output>
          </reporter-output>
        </test-method> <!-- initialize -->
        <test-method signature="Login_Test()[pri:0, instance:tests.LoginTest@40cb8df7]" started-at="2021-03-29T09:39:48 EDT" name="Login_Test" finished-at="2021-03-29T09:40:00 EDT" duration-ms="11108" status="PASS">
          <reporter-output>
          </reporter-output>
        </test-method> <!-- Login_Test -->
        <test-method is-config="true" signature="close()[pri:0, instance:tests.LoginTest@40cb8df7]" started-at="2021-03-29T09:40:00 EDT" name="close" finished-at="2021-03-29T09:40:00 EDT" duration-ms="684" status="PASS">
          <reporter-output>
          </reporter-output>
        </test-method> <!-- close -->
      </class> <!-- tests.LoginTest -->
    </test> <!-- Default test -->
  </suite> <!-- Default suite -->
</testng-results>
